Fri 28-Apr-2023 09:48:22 Asia/Colombo | Request URL: http://localhost/projects/myApp/home
Fri 28-Apr-2023 09:48:22 Asia/Colombo | Request URL: http://localhost/projects/myApp/icon/bl_paws_Favicon.ico
Fri 28-Apr-2023 09:48:22 Asia/Colombo | Request URL: http://localhost/projects/myApp/home
Fri 28-Apr-2023 09:51:03 Asia/Colombo | Request URL: http://localhost/projects/myApp/home
Fri 28-Apr-2023 09:51:30 Asia/Colombo | Request URL: http://localhost/projects/myApp/home
Fri 28-Apr-2023 09:51:50 Asia/Colombo | Request URL: http://localhost/projects/myApp/home
Fri 28-Apr-2023 09:51:51 Asia/Colombo | Request URL: http://localhost/projects/myApp/home
Fri 28-Apr-2023 09:51:52 Asia/Colombo | Request URL: http://localhost/projects/myApp/home
Fri 28-Apr-2023 09:51:52 Asia/Colombo | Request URL: http://localhost/projects/myApp/home
Fri 28-Apr-2023 09:52:26 Asia/Colombo | Request URL: http://localhost/projects/myApp/home
Fri 28-Apr-2023 09:52:27 Asia/Colombo | Request URL: http://localhost/projects/myApp/home
Fri 28-Apr-2023 09:52:28 Asia/Colombo | Request URL: http://localhost/projects/myApp/home
Fri 28-Apr-2023 09:55:32 Asia/Colombo | Request URL: http://localhost/projects/myApp/home
Fri 28-Apr-2023 09:55:32 Asia/Colombo | Request URL: http://localhost/projects/myApp/icon/bl_paws_Favicon.ico
Fri 28-Apr-2023 09:55:32 Asia/Colombo | Request URL: http://localhost/projects/myApp/home/index
Fri 28-Apr-2023 09:55:34 Asia/Colombo | Request URL: http://localhost/projects/myApp/songs
Fri 28-Apr-2023 09:55:34 Asia/Colombo | Request URL: http://localhost/projects/myApp/Songs/getSongsDataset
Fri 28-Apr-2023 09:55:34 Asia/Colombo | Request URL: http://localhost/projects/myApp/icon/bl_paws_Favicon.ico
Fri 28-Apr-2023 09:55:34 Asia/Colombo | Request URL: http://localhost/projects/myApp/home/index
Fri 28-Apr-2023 09:55:40 Asia/Colombo | Request URL: http://localhost/projects/myApp/songs
Fri 28-Apr-2023 09:55:40 Asia/Colombo | Request URL: http://localhost/projects/myApp/Songs/getSongsDataset
Fri 28-Apr-2023 09:55:40 Asia/Colombo | Request URL: http://localhost/projects/myApp/icon/bl_paws_Favicon.ico
Fri 28-Apr-2023 09:55:40 Asia/Colombo | Request URL: http://localhost/projects/myApp/home/index
Fri 28-Apr-2023 09:55:42 Asia/Colombo | Request URL: http://localhost/projects/myApp/universities
Fri 28-Apr-2023 09:55:42 Asia/Colombo | Request URL: http://localhost/projects/myApp/Universities/getUniversitiesDataset
Fri 28-Apr-2023 09:55:42 Asia/Colombo | Request URL: http://localhost/projects/myApp/icon/bl_paws_Favicon.ico
Fri 28-Apr-2023 09:55:42 Asia/Colombo | Request URL: http://localhost/projects/myApp/home/index
Fri 28-Apr-2023 09:55:46 Asia/Colombo | Request URL: http://localhost/projects/myApp/songs
Fri 28-Apr-2023 09:55:46 Asia/Colombo | Request URL: http://localhost/projects/myApp/Songs/getSongsDataset
Fri 28-Apr-2023 09:55:46 Asia/Colombo | Request URL: http://localhost/projects/myApp/icon/bl_paws_Favicon.ico
Fri 28-Apr-2023 09:55:46 Asia/Colombo | Request URL: http://localhost/projects/myApp/home/index
Fri 28-Apr-2023 09:55:47 Asia/Colombo | Request URL: http://localhost/projects/myApp/universities
Fri 28-Apr-2023 09:55:47 Asia/Colombo | Request URL: http://localhost/projects/myApp/Universities/getUniversitiesDataset
Fri 28-Apr-2023 09:55:47 Asia/Colombo | Request URL: http://localhost/projects/myApp/icon/bl_paws_Favicon.ico
Fri 28-Apr-2023 09:55:47 Asia/Colombo | Request URL: http://localhost/projects/myApp/home/index
Fri 28-Apr-2023 09:55:48 Asia/Colombo | Request URL: http://localhost/projects/myApp/songs
Fri 28-Apr-2023 09:55:48 Asia/Colombo | Request URL: http://localhost/projects/myApp/Songs/getSongsDataset
Fri 28-Apr-2023 09:55:48 Asia/Colombo | Request URL: http://localhost/projects/myApp/icon/bl_paws_Favicon.ico
Fri 28-Apr-2023 09:55:48 Asia/Colombo | Request URL: http://localhost/projects/myApp/home/index
Fri 28-Apr-2023 09:55:49 Asia/Colombo | Request URL: http://localhost/projects/myApp/universities
Fri 28-Apr-2023 09:55:49 Asia/Colombo | Request URL: http://localhost/projects/myApp/Universities/getUniversitiesDataset
Fri 28-Apr-2023 09:55:49 Asia/Colombo | Request URL: http://localhost/projects/myApp/icon/bl_paws_Favicon.ico
Fri 28-Apr-2023 09:55:49 Asia/Colombo | Request URL: http://localhost/projects/myApp/home/index
Fri 28-Apr-2023 09:55:49 Asia/Colombo | Request URL: http://localhost/projects/myApp/songs
Fri 28-Apr-2023 09:55:49 Asia/Colombo | Request URL: http://localhost/projects/myApp/Songs/getSongsDataset
Fri 28-Apr-2023 09:55:49 Asia/Colombo | Request URL: http://localhost/projects/myApp/icon/bl_paws_Favicon.ico
Fri 28-Apr-2023 09:55:49 Asia/Colombo | Request URL: http://localhost/projects/myApp/home/index
Fri 28-Apr-2023 09:55:50 Asia/Colombo | Request URL: http://localhost/projects/myApp/Songs/getSongsDataset
Fri 28-Apr-2023 09:55:51 Asia/Colombo | Request URL: http://localhost/projects/myApp/Songs/getSongsDataset
Fri 28-Apr-2023 09:55:52 Asia/Colombo | Request URL: http://localhost/projects/myApp/Songs/getSongsDataset
Fri 28-Apr-2023 09:55:52 Asia/Colombo | Request URL: http://localhost/projects/myApp/Songs/getSongsDataset
Fri 28-Apr-2023 09:55:55 Asia/Colombo | Request URL: http://localhost/projects/myApp/Songs/getSongsDataset
Fri 28-Apr-2023 09:55:56 Asia/Colombo | Request URL: http://localhost/projects/myApp/Songs/getSongsDataset
Fri 28-Apr-2023 09:55:56 Asia/Colombo | Request URL: http://localhost/projects/myApp/Songs/getSongsDataset
Fri 28-Apr-2023 09:55:58 Asia/Colombo | Request URL: http://localhost/projects/myApp/Songs/getSongsDataset
Fri 28-Apr-2023 09:55:59 Asia/Colombo | Request URL: http://localhost/projects/myApp/Songs/getSongsDataset
Fri 28-Apr-2023 09:56:00 Asia/Colombo | Request URL: http://localhost/projects/myApp/Songs/getSongsDataset
Fri 28-Apr-2023 09:56:01 Asia/Colombo | Request URL: http://localhost/projects/myApp/Songs/getSongsDataset
Fri 28-Apr-2023 09:56:14 Asia/Colombo | Request URL: http://localhost/projects/myApp/home
Fri 28-Apr-2023 09:56:14 Asia/Colombo | Request URL: http://localhost/projects/myApp/icon/bl_paws_Favicon.ico
Fri 28-Apr-2023 09:56:14 Asia/Colombo | Request URL: http://localhost/projects/myApp/home/index
Fri 28-Apr-2023 09:56:16 Asia/Colombo | Request URL: http://localhost/projects/myApp/songs
Fri 28-Apr-2023 09:56:16 Asia/Colombo | Request URL: http://localhost/projects/myApp/Songs/getSongsDataset
Fri 28-Apr-2023 09:56:16 Asia/Colombo | Request URL: http://localhost/projects/myApp/icon/bl_paws_Favicon.ico
Fri 28-Apr-2023 09:56:16 Asia/Colombo | Request URL: http://localhost/projects/myApp/home/index
Fri 28-Apr-2023 09:56:16 Asia/Colombo | Request URL: http://localhost/projects/myApp/universities
Fri 28-Apr-2023 09:56:16 Asia/Colombo | Request URL: http://localhost/projects/myApp/Universities/getUniversitiesDataset
Fri 28-Apr-2023 09:56:16 Asia/Colombo | Request URL: http://localhost/projects/myApp/icon/bl_paws_Favicon.ico
Fri 28-Apr-2023 09:56:16 Asia/Colombo | Request URL: http://localhost/projects/myApp/home/index
Fri 28-Apr-2023 09:56:17 Asia/Colombo | Request URL: http://localhost/projects/myApp/icon/bl_paws_Favicon.ico
Fri 28-Apr-2023 09:56:17 Asia/Colombo | Request URL: http://localhost/projects/myApp/home/index
Fri 28-Apr-2023 09:56:36 Asia/Colombo | Request URL: http://localhost/projects/myApp/home
Fri 28-Apr-2023 09:56:36 Asia/Colombo | Request URL: http://localhost/projects/myApp/icon/bl_paws_Favicon.ico
Fri 28-Apr-2023 09:56:36 Asia/Colombo | Request URL: http://localhost/projects/myApp/home/index
Fri 28-Apr-2023 09:56:54 Asia/Colombo | Request URL: http://localhost/projects/myApp/home
Fri 28-Apr-2023 09:56:54 Asia/Colombo | Request URL: http://localhost/projects/myApp/icon/bl_paws_Favicon.ico
Fri 28-Apr-2023 09:56:54 Asia/Colombo | Request URL: http://localhost/projects/myApp/home/index
Fri 28-Apr-2023 09:57:25 Asia/Colombo | Request URL: http://localhost/projects/myApp/home
Fri 28-Apr-2023 09:57:25 Asia/Colombo | Request URL: http://localhost/projects/myApp/icon/bl_paws_Favicon.ico
Fri 28-Apr-2023 09:57:25 Asia/Colombo | Request URL: http://localhost/projects/myApp/home/index
Fri 28-Apr-2023 09:57:27 Asia/Colombo | Request URL: http://localhost/projects/myApp/universities
Fri 28-Apr-2023 09:57:27 Asia/Colombo | Request URL: http://localhost/projects/myApp/Universities/getUniversitiesDataset
Fri 28-Apr-2023 09:57:27 Asia/Colombo | Request URL: http://localhost/projects/myApp/icon/bl_paws_Favicon.ico
Fri 28-Apr-2023 09:57:27 Asia/Colombo | Request URL: http://localhost/projects/myApp/home/index
Fri 28-Apr-2023 09:57:28 Asia/Colombo | Request URL: http://localhost/projects/myApp/songs
Fri 28-Apr-2023 09:57:28 Asia/Colombo | Request URL: http://localhost/projects/myApp/Songs/getSongsDataset
Fri 28-Apr-2023 09:57:28 Asia/Colombo | Request URL: http://localhost/projects/myApp/icon/bl_paws_Favicon.ico
Fri 28-Apr-2023 09:57:28 Asia/Colombo | Request URL: http://localhost/projects/myApp/home/index
Fri 28-Apr-2023 09:57:28 Asia/Colombo | Request URL: http://localhost/projects/myApp/universities
Fri 28-Apr-2023 09:57:28 Asia/Colombo | Request URL: http://localhost/projects/myApp/Universities/getUniversitiesDataset
Fri 28-Apr-2023 09:57:28 Asia/Colombo | Request URL: http://localhost/projects/myApp/icon/bl_paws_Favicon.ico
Fri 28-Apr-2023 09:57:28 Asia/Colombo | Request URL: http://localhost/projects/myApp/home/index
Fri 28-Apr-2023 09:57:29 Asia/Colombo | Request URL: http://localhost/projects/myApp/songs
Fri 28-Apr-2023 09:57:29 Asia/Colombo | Request URL: http://localhost/projects/myApp/Songs/getSongsDataset
Fri 28-Apr-2023 09:57:29 Asia/Colombo | Request URL: http://localhost/projects/myApp/icon/bl_paws_Favicon.ico
Fri 28-Apr-2023 09:57:29 Asia/Colombo | Request URL: http://localhost/projects/myApp/home/index
